<?xml version="1.0" encoding="UTF-8"?>
<testsuite name="HelloWorldTest" tests="3" skipped="0" failures="0" errors="0" timestamp="2016-08-04T20:22:37" hostname="beardsmcgee-ubuntu" time="0.01">
  <properties/>
  <testcase name="helloSampleName" classname="HelloWorldTest" time="0.006"/>
  <testcase name="helloAnotherSampleName" classname="HelloWorldTest" time="0.001"/>
  <testcase name="helloNoName" classname="HelloWorldTest" time="0.0"/>
  <system-out><![CDATA[]]></system-out>
  <system-err><![CDATA[]]></system-err>
</testsuite>
