<?xml version="1.0" encoding="UTF-8"?>
<testsuite name="PangramTest" tests="5" skipped="0" failures="0" errors="0" timestamp="2016-08-07T18:03:19" hostname="beardsmcgee-ubuntu" time="0.005">
  <properties/>
  <testcase name="mixedCaseAndPunctuation" classname="PangramTest" time="0.003"/>
  <testcase name="nonAsciiCharacters" classname="PangramTest" time="0.001"/>
  <testcase name="emptySentence" classname="PangramTest" time="0.0"/>
  <testcase name="testLowercasePangram" classname="PangramTest" time="0.001"/>
  <testcase name="missingCharacterX" classname="PangramTest" time="0.0"/>
  <system-out><![CDATA[]]></system-out>
  <system-err><![CDATA[]]></system-err>
</testsuite>
