<?xml version="1.0" encoding="UTF-8"?>
<testsuite name="AnagramTest" tests="10" skipped="0" failures="0" errors="0" timestamp="2016-08-10T18:42:25" hostname="beardsmcgee-ubuntu" time="0.127">
  <properties/>
  <testcase name="testDetectMultipleAnagrams" classname="AnagramTest" time="0.112"/>
  <testcase name="testNoMatches" classname="AnagramTest" time="0.001"/>
  <testcase name="testEliminateAnagramsWithSameChecksum" classname="AnagramTest" time="0.001"/>
  <testcase name="testEliminateAnagramSubsets" classname="AnagramTest" time="0.0"/>
  <testcase name="testDetectAnagrams" classname="AnagramTest" time="0.001"/>
  <testcase name="testMultipleAnagrams" classname="AnagramTest" time="0.001"/>
  <testcase name="testAnagramsAreCaseInsensitive" classname="AnagramTest" time="0.0"/>
  <testcase name="testSimpleAnagram" classname="AnagramTest" time="0.005"/>
  <testcase name="testDoesNotConfuseDifferentDuplicates" classname="AnagramTest" time="0.0"/>
  <testcase name="testIdenticalWordIsNotAnagram" classname="AnagramTest" time="0.0"/>
  <system-out><![CDATA[]]></system-out>
  <system-err><![CDATA[]]></system-err>
</testsuite>
